<?xml version="1.0" encoding="UTF-8"?>
<!-- Generated by org.testng.reporters.JUnitXMLReporter -->
<testsuite ignored="0" hostname="DESKTOP-V76S8CV" failures="0" tests="19" name="Test" time="156.387" errors="0" timestamp="2022-09-24T15:34:21 IST">
  <testcase classname="com.fb.qa.testcases.FindFriendsTest" name="verifyFindFriendsTitleTest" time="0.143"/>
  <testcase classname="com.fb.qa.testcases.FindFriendsTest" name="verifyFriendRequestLink" time="2.265"/>
  <testcase classname="com.fb.qa.testcases.FindFriendsTest" name="verifySuggestionsLink" time="1.949"/>
  <testcase classname="com.fb.qa.testcases.FindFriendsTest" name="verifyBirthdaysLink" time="0.415"/>
  <testcase classname="com.fb.qa.testcases.FindFriendsTest" name="verifyCustomsLink" time="2.174"/>
  <testcase classname="com.fb.qa.testcases.SignUpPageTest" name="signUpPageTitleTest" time="0.014"/>
  <testcase classname="com.fb.qa.testcases.SignUpPageTest" name="SignUpTest" time="2.153"/>
  <testcase classname="com.fb.qa.testcases.LoginPageTest" name="multipleLoginTest" time="3.293"/>
  <testcase classname="com.fb.qa.testcases.LoginPageTest" name="multipleLoginTest" time="3.227"/>
  <testcase classname="com.fb.qa.testcases.LoginPageTest" name="multipleLoginTest" time="3.293"/>
  <testcase classname="com.fb.qa.testcases.LoginPageTest" name="multipleLoginTest" time="3.23"/>
  <testcase classname="com.fb.qa.testcases.LoginPageTest" name="loginPageTitleTest" time="0.01"/>
  <testcase classname="com.fb.qa.testcases.LoginPageTest" name="loginTest" time="0.302"/>
  <testcase classname="com.fb.qa.testcases.HomePageTest" name="verifyHomePageTest" time="5.036"/>
  <testcase classname="com.fb.qa.testcases.HomePageTest" name="verifyUserNameTest" time="4.469"/>
  <testcase classname="com.fb.qa.testcases.HomePageTest" name="verifyReelsLinkTest" time="5.791"/>
  <testcase classname="com.fb.qa.testcases.ReelsPageTest" name="verifyReelsPageLabel" time="0.23"/>
  <testcase classname="com.fb.qa.testcases.ReelsPageTest" name="selectReelsTest" time="0.351"/>
  <testcase classname="com.fb.qa.testcases.ReelsPageTest" name="verifyUserNameTest" time="0.157"/>
</testsuite> <!-- Test -->
