<?xml version="1.0" encoding="UTF-8"?>
<testng-results ignored="0" total="19" passed="19" failed="0" skipped="0">
  <reporter-output>
  </reporter-output>
  <suite started-at="2022-09-24T15:31:44 IST" name="Suite" finished-at="2022-09-24T15:34:21 IST" duration-ms="156387">
    <groups>
    </groups>
    <test started-at="2022-09-24T15:31:44 IST" name="Test" finished-at="2022-09-24T15:34:21 IST" duration-ms="156387">
      <class name="com.fb.qa.testcases.HomePageTest">
        <test-method is-config="true" signature="setUp()[pri:0, instance:com.fb.qa.testcases.HomePageTest@7d7758be]" started-at="2022-09-24T15:33:26 IST" name="setUp" finished-at="2022-09-24T15:33:30 IST" duration-ms="3740" status="PASS">
          <reporter-output>
          </reporter-output>
        </test-method> <!-- setUp -->
        <test-method signature="verifyHomePageTest()[pri:1, instance:com.fb.qa.testcases.HomePageTest@7d7758be]" started-at="2022-09-24T15:33:30 IST" name="verifyHomePageTest" finished-at="2022-09-24T15:33:35 IST" duration-ms="5036" status="PASS">
          <reporter-output>
          </reporter-output>
        </test-method> <!-- verifyHomePageTest -->
        <test-method is-config="true" signature="tearDown()[pri:0, instance:com.fb.qa.testcases.HomePageTest@7d7758be]" started-at="2022-09-24T15:33:35 IST" name="tearDown" finished-at="2022-09-24T15:33:35 IST" duration-ms="425" status="PASS">
          <reporter-output>
          </reporter-output>
        </test-method> <!-- tearDown -->
        <test-method is-config="true" signature="setUp()[pri:0, instance:com.fb.qa.testcases.HomePageTest@7d7758be]" started-at="2022-09-24T15:33:35 IST" name="setUp" finished-at="2022-09-24T15:33:38 IST" duration-ms="3343" status="PASS">
          <reporter-output>
          </reporter-output>
        </test-method> <!-- setUp -->
        <test-method signature="verifyUserNameTest()[pri:2, instance:com.fb.qa.testcases.HomePageTest@7d7758be]" started-at="2022-09-24T15:33:38 IST" name="verifyUserNameTest" finished-at="2022-09-24T15:33:43 IST" duration-ms="4469" status="PASS">
          <reporter-output>
          </reporter-output>
        </test-method> <!-- verifyUserNameTest -->
        <test-method is-config="true" signature="tearDown()[pri:0, instance:com.fb.qa.testcases.HomePageTest@7d7758be]" started-at="2022-09-24T15:33:43 IST" name="tearDown" finished-at="2022-09-24T15:33:43 IST" duration-ms="423" status="PASS">
          <reporter-output>
          </reporter-output>
        </test-method> <!-- tearDown -->
        <test-method is-config="true" signature="setUp()[pri:0, instance:com.fb.qa.testcases.HomePageTest@7d7758be]" started-at="2022-09-24T15:33:43 IST" name="setUp" finished-at="2022-09-24T15:33:47 IST" duration-ms="3674" status="PASS">
          <reporter-output>
          </reporter-output>
        </test-method> <!-- setUp -->
        <test-method signature="verifyReelsLinkTest()[pri:3, instance:com.fb.qa.testcases.HomePageTest@7d7758be]" started-at="2022-09-24T15:33:47 IST" name="verifyReelsLinkTest" finished-at="2022-09-24T15:33:53 IST" duration-ms="5791" status="PASS">
          <reporter-output>
          </reporter-output>
        </test-method> <!-- verifyReelsLinkTest -->
        <test-method is-config="true" signature="tearDown()[pri:0, instance:com.fb.qa.testcases.HomePageTest@7d7758be]" started-at="2022-09-24T15:33:53 IST" name="tearDown" finished-at="2022-09-24T15:33:53 IST" duration-ms="614" status="PASS">
          <reporter-output>
          </reporter-output>
        </test-method> <!-- tearDown -->
      </class> <!-- com.fb.qa.testcases.HomePageTest -->
      <class name="com.fb.qa.testcases.SignUpPageTest">
        <test-method is-config="true" signature="setUp()[pri:0, instance:com.fb.qa.testcases.SignUpPageTest@23e84203]" started-at="2022-09-24T15:32:40 IST" name="setUp" finished-at="2022-09-24T15:32:43 IST" duration-ms="3277" status="PASS">
          <reporter-output>
          </reporter-output>
        </test-method> <!-- setUp -->
        <test-method signature="signUpPageTitleTest()[pri:1, instance:com.fb.qa.testcases.SignUpPageTest@23e84203]" started-at="2022-09-24T15:32:43 IST" name="signUpPageTitleTest" finished-at="2022-09-24T15:32:44 IST" duration-ms="14" status="PASS">
          <reporter-output>
          </reporter-output>
        </test-method> <!-- signUpPageTitleTest -->
        <test-method is-config="true" signature="tearDown()[pri:0, instance:com.fb.qa.testcases.SignUpPageTest@23e84203]" started-at="2022-09-24T15:32:44 IST" name="tearDown" finished-at="2022-09-24T15:32:44 IST" duration-ms="301" status="PASS">
          <reporter-output>
          </reporter-output>
        </test-method> <!-- tearDown -->
        <test-method is-config="true" signature="setUp()[pri:0, instance:com.fb.qa.testcases.SignUpPageTest@23e84203]" started-at="2022-09-24T15:32:44 IST" name="setUp" finished-at="2022-09-24T15:32:47 IST" duration-ms="3410" status="PASS">
          <reporter-output>
          </reporter-output>
        </test-method> <!-- setUp -->
        <test-method signature="SignUpTest()[pri:2, instance:com.fb.qa.testcases.SignUpPageTest@23e84203]" started-at="2022-09-24T15:32:47 IST" name="SignUpTest" finished-at="2022-09-24T15:32:49 IST" duration-ms="2153" status="PASS">
          <reporter-output>
          </reporter-output>
        </test-method> <!-- SignUpTest -->
        <test-method is-config="true" signature="tearDown()[pri:0, instance:com.fb.qa.testcases.SignUpPageTest@23e84203]" started-at="2022-09-24T15:32:49 IST" name="tearDown" finished-at="2022-09-24T15:32:50 IST" duration-ms="370" status="PASS">
          <reporter-output>
          </reporter-output>
        </test-method> <!-- tearDown -->
      </class> <!-- com.fb.qa.testcases.SignUpPageTest -->
      <class name="com.fb.qa.testcases.FindFriendsTest">
        <test-method is-config="true" signature="setUp()[pri:0, instance:com.fb.qa.testcases.FindFriendsTest@48bb62]" started-at="2022-09-24T15:31:45 IST" name="setUp" finished-at="2022-09-24T15:31:56 IST" duration-ms="10964" status="PASS">
          <reporter-output>
          </reporter-output>
        </test-method> <!-- setUp -->
        <test-method signature="verifyFindFriendsTitleTest()[pri:1, instance:com.fb.qa.testcases.FindFriendsTest@48bb62]" started-at="2022-09-24T15:31:56 IST" name="verifyFindFriendsTitleTest" finished-at="2022-09-24T15:31:56 IST" duration-ms="143" status="PASS">
          <reporter-output>
          </reporter-output>
        </test-method> <!-- verifyFindFriendsTitleTest -->
        <test-method is-config="true" signature="tearDown()[pri:0, instance:com.fb.qa.testcases.FindFriendsTest@48bb62]" started-at="2022-09-24T15:31:56 IST" name="tearDown" finished-at="2022-09-24T15:31:56 IST" duration-ms="505" status="PASS">
          <reporter-output>
          </reporter-output>
        </test-method> <!-- tearDown -->
        <test-method is-config="true" signature="setUp()[pri:0, instance:com.fb.qa.testcases.FindFriendsTest@48bb62]" started-at="2022-09-24T15:31:56 IST" name="setUp" finished-at="2022-09-24T15:32:06 IST" duration-ms="9347" status="PASS">
          <reporter-output>
          </reporter-output>
        </test-method> <!-- setUp -->
        <test-method signature="verifyFriendRequestLink()[pri:2, instance:com.fb.qa.testcases.FindFriendsTest@48bb62]" started-at="2022-09-24T15:32:06 IST" name="verifyFriendRequestLink" finished-at="2022-09-24T15:32:08 IST" duration-ms="2265" status="PASS">
          <reporter-output>
          </reporter-output>
        </test-method> <!-- verifyFriendRequestLink -->
        <test-method is-config="true" signature="tearDown()[pri:0, instance:com.fb.qa.testcases.FindFriendsTest@48bb62]" started-at="2022-09-24T15:32:08 IST" name="tearDown" finished-at="2022-09-24T15:32:08 IST" duration-ms="409" status="PASS">
          <reporter-output>
          </reporter-output>
        </test-method> <!-- tearDown -->
        <test-method is-config="true" signature="setUp()[pri:0, instance:com.fb.qa.testcases.FindFriendsTest@48bb62]" started-at="2022-09-24T15:32:08 IST" name="setUp" finished-at="2022-09-24T15:32:17 IST" duration-ms="8541" status="PASS">
          <reporter-output>
          </reporter-output>
        </test-method> <!-- setUp -->
        <test-method signature="verifySuggestionsLink()[pri:3, instance:com.fb.qa.testcases.FindFriendsTest@48bb62]" started-at="2022-09-24T15:32:17 IST" name="verifySuggestionsLink" finished-at="2022-09-24T15:32:19 IST" duration-ms="1949" status="PASS">
          <reporter-output>
          </reporter-output>
        </test-method> <!-- verifySuggestionsLink -->
        <test-method is-config="true" signature="tearDown()[pri:0, instance:com.fb.qa.testcases.FindFriendsTest@48bb62]" started-at="2022-09-24T15:32:19 IST" name="tearDown" finished-at="2022-09-24T15:32:19 IST" duration-ms="395" status="PASS">
          <reporter-output>
          </reporter-output>
        </test-method> <!-- tearDown -->
        <test-method is-config="true" signature="setUp()[pri:0, instance:com.fb.qa.testcases.FindFriendsTest@48bb62]" started-at="2022-09-24T15:32:19 IST" name="setUp" finished-at="2022-09-24T15:32:28 IST" duration-ms="8722" status="PASS">
          <reporter-output>
          </reporter-output>
        </test-method> <!-- setUp -->
        <test-method signature="verifyBirthdaysLink()[pri:4, instance:com.fb.qa.testcases.FindFriendsTest@48bb62]" started-at="2022-09-24T15:32:28 IST" name="verifyBirthdaysLink" finished-at="2022-09-24T15:32:28 IST" duration-ms="415" status="PASS">
          <reporter-output>
          </reporter-output>
        </test-method> <!-- verifyBirthdaysLink -->
        <test-method is-config="true" signature="tearDown()[pri:0, instance:com.fb.qa.testcases.FindFriendsTest@48bb62]" started-at="2022-09-24T15:32:28 IST" name="tearDown" finished-at="2022-09-24T15:32:29 IST" duration-ms="493" status="PASS">
          <reporter-output>
          </reporter-output>
        </test-method> <!-- tearDown -->
        <test-method is-config="true" signature="setUp()[pri:0, instance:com.fb.qa.testcases.FindFriendsTest@48bb62]" started-at="2022-09-24T15:32:29 IST" name="setUp" finished-at="2022-09-24T15:32:38 IST" duration-ms="8737" status="PASS">
          <reporter-output>
          </reporter-output>
        </test-method> <!-- setUp -->
        <test-method signature="verifyCustomsLink()[pri:5, instance:com.fb.qa.testcases.FindFriendsTest@48bb62]" started-at="2022-09-24T15:32:38 IST" name="verifyCustomsLink" finished-at="2022-09-24T15:32:40 IST" duration-ms="2174" status="PASS">
          <reporter-output>
          </reporter-output>
        </test-method> <!-- verifyCustomsLink -->
        <test-method is-config="true" signature="tearDown()[pri:0, instance:com.fb.qa.testcases.FindFriendsTest@48bb62]" started-at="2022-09-24T15:32:40 IST" name="tearDown" finished-at="2022-09-24T15:32:40 IST" duration-ms="377" status="PASS">
          <reporter-output>
          </reporter-output>
        </test-method> <!-- tearDown -->
      </class> <!-- com.fb.qa.testcases.FindFriendsTest -->
      <class name="com.fb.qa.testcases.LoginPageTest">
        <test-method is-config="true" signature="setUp()[pri:0, instance:com.fb.qa.testcases.LoginPageTest@74287ea3]" started-at="2022-09-24T15:32:51 IST" name="setUp" finished-at="2022-09-24T15:32:54 IST" duration-ms="3279" status="PASS">
          <reporter-output>
          </reporter-output>
        </test-method> <!-- setUp -->
        <test-method signature="multipleLoginTest(java.lang.String,java.lang.String)[pri:0, instance:com.fb.qa.testcases.LoginPageTest@74287ea3]" started-at="2022-09-24T15:32:54 IST" name="multipleLoginTest" data-provider="getLoginTestData" finished-at="2022-09-24T15:32:57 IST" duration-ms="3293" status="PASS">
          <params>
            <param index="0">
              <value>
                <![CDATA[vamshi@gmail.com]]>
              </value>
            </param>
            <param index="1">
              <value>
                <![CDATA[vam123]]>
              </value>
            </param>
          </params>
          <reporter-output>
          </reporter-output>
        </test-method> <!-- multipleLoginTest -->
        <test-method is-config="true" signature="tearDown()[pri:0, instance:com.fb.qa.testcases.LoginPageTest@74287ea3]" started-at="2022-09-24T15:32:57 IST" name="tearDown" finished-at="2022-09-24T15:32:57 IST" duration-ms="328" status="PASS">
          <reporter-output>
          </reporter-output>
        </test-method> <!-- tearDown -->
        <test-method is-config="true" signature="setUp()[pri:0, instance:com.fb.qa.testcases.LoginPageTest@74287ea3]" started-at="2022-09-24T15:32:57 IST" name="setUp" finished-at="2022-09-24T15:33:01 IST" duration-ms="3410" status="PASS">
          <reporter-output>
          </reporter-output>
        </test-method> <!-- setUp -->
        <test-method signature="multipleLoginTest(java.lang.String,java.lang.String)[pri:0, instance:com.fb.qa.testcases.LoginPageTest@74287ea3]" started-at="2022-09-24T15:33:01 IST" name="multipleLoginTest" data-provider="getLoginTestData" finished-at="2022-09-24T15:33:04 IST" duration-ms="3227" status="PASS">
          <params>
            <param index="0">
              <value>
                <![CDATA[vam@123]]>
              </value>
            </param>
            <param index="1">
              <value>
                <![CDATA[12344.0]]>
              </value>
            </param>
          </params>
          <reporter-output>
          </reporter-output>
        </test-method> <!-- multipleLoginTest -->
        <test-method is-config="true" signature="tearDown()[pri:0, instance:com.fb.qa.testcases.LoginPageTest@74287ea3]" started-at="2022-09-24T15:33:04 IST" name="tearDown" finished-at="2022-09-24T15:33:04 IST" duration-ms="323" status="PASS">
          <reporter-output>
          </reporter-output>
        </test-method> <!-- tearDown -->
        <test-method is-config="true" signature="setUp()[pri:0, instance:com.fb.qa.testcases.LoginPageTest@74287ea3]" started-at="2022-09-24T15:33:04 IST" name="setUp" finished-at="2022-09-24T15:33:08 IST" duration-ms="3128" status="PASS">
          <reporter-output>
          </reporter-output>
        </test-method> <!-- setUp -->
        <test-method signature="multipleLoginTest(java.lang.String,java.lang.String)[pri:0, instance:com.fb.qa.testcases.LoginPageTest@74287ea3]" started-at="2022-09-24T15:33:08 IST" name="multipleLoginTest" data-provider="getLoginTestData" finished-at="2022-09-24T15:33:11 IST" duration-ms="3293" status="PASS">
          <params>
            <param index="0">
              <value>
                <![CDATA[vamshik484@gmail.com]]>
              </value>
            </param>
            <param index="1">
              <value>
                <![CDATA[Vamshi@123]]>
              </value>
            </param>
          </params>
          <reporter-output>
          </reporter-output>
        </test-method> <!-- multipleLoginTest -->
        <test-method is-config="true" signature="tearDown()[pri:0, instance:com.fb.qa.testcases.LoginPageTest@74287ea3]" started-at="2022-09-24T15:33:11 IST" name="tearDown" finished-at="2022-09-24T15:33:11 IST" duration-ms="338" status="PASS">
          <reporter-output>
          </reporter-output>
        </test-method> <!-- tearDown -->
        <test-method is-config="true" signature="setUp()[pri:0, instance:com.fb.qa.testcases.LoginPageTest@74287ea3]" started-at="2022-09-24T15:33:11 IST" name="setUp" finished-at="2022-09-24T15:33:15 IST" duration-ms="3288" status="PASS">
          <reporter-output>
          </reporter-output>
        </test-method> <!-- setUp -->
        <test-method signature="multipleLoginTest(java.lang.String,java.lang.String)[pri:0, instance:com.fb.qa.testcases.LoginPageTest@74287ea3]" started-at="2022-09-24T15:33:15 IST" name="multipleLoginTest" data-provider="getLoginTestData" finished-at="2022-09-24T15:33:18 IST" duration-ms="3230" status="PASS">
          <params>
            <param index="0">
              <value>
                <![CDATA[vk@gmail]]>
              </value>
            </param>
            <param index="1">
              <value>
                <![CDATA[vamshi ]]>
              </value>
            </param>
          </params>
          <reporter-output>
          </reporter-output>
        </test-method> <!-- multipleLoginTest -->
        <test-method is-config="true" signature="tearDown()[pri:0, instance:com.fb.qa.testcases.LoginPageTest@74287ea3]" started-at="2022-09-24T15:33:18 IST" name="tearDown" finished-at="2022-09-24T15:33:18 IST" duration-ms="353" status="PASS">
          <reporter-output>
          </reporter-output>
        </test-method> <!-- tearDown -->
        <test-method is-config="true" signature="setUp()[pri:0, instance:com.fb.qa.testcases.LoginPageTest@74287ea3]" started-at="2022-09-24T15:33:18 IST" name="setUp" finished-at="2022-09-24T15:33:22 IST" duration-ms="3503" status="PASS">
          <reporter-output>
          </reporter-output>
        </test-method> <!-- setUp -->
        <test-method signature="loginPageTitleTest()[pri:1, instance:com.fb.qa.testcases.LoginPageTest@74287ea3]" started-at="2022-09-24T15:33:22 IST" name="loginPageTitleTest" finished-at="2022-09-24T15:33:22 IST" duration-ms="10" status="PASS">
          <reporter-output>
          </reporter-output>
        </test-method> <!-- loginPageTitleTest -->
        <test-method is-config="true" signature="tearDown()[pri:0, instance:com.fb.qa.testcases.LoginPageTest@74287ea3]" started-at="2022-09-24T15:33:22 IST" name="tearDown" finished-at="2022-09-24T15:33:22 IST" duration-ms="310" status="PASS">
          <reporter-output>
          </reporter-output>
        </test-method> <!-- tearDown -->
        <test-method is-config="true" signature="setUp()[pri:0, instance:com.fb.qa.testcases.LoginPageTest@74287ea3]" started-at="2022-09-24T15:33:22 IST" name="setUp" finished-at="2022-09-24T15:33:25 IST" duration-ms="3293" status="PASS">
          <reporter-output>
          </reporter-output>
        </test-method> <!-- setUp -->
        <test-method signature="loginTest()[pri:2, instance:com.fb.qa.testcases.LoginPageTest@74287ea3]" started-at="2022-09-24T15:33:25 IST" name="loginTest" finished-at="2022-09-24T15:33:26 IST" duration-ms="302" status="PASS">
          <reporter-output>
          </reporter-output>
        </test-method> <!-- loginTest -->
        <test-method is-config="true" signature="tearDown()[pri:0, instance:com.fb.qa.testcases.LoginPageTest@74287ea3]" started-at="2022-09-24T15:33:26 IST" name="tearDown" finished-at="2022-09-24T15:33:26 IST" duration-ms="323" status="PASS">
          <reporter-output>
          </reporter-output>
        </test-method> <!-- tearDown -->
      </class> <!-- com.fb.qa.testcases.LoginPageTest -->
      <class name="com.fb.qa.testcases.ReelsPageTest">
        <test-method is-config="true" signature="setUp()[pri:0, instance:com.fb.qa.testcases.ReelsPageTest@2bdd8394]" started-at="2022-09-24T15:33:53 IST" name="setUp" finished-at="2022-09-24T15:34:02 IST" duration-ms="8819" status="PASS">
          <reporter-output>
          </reporter-output>
        </test-method> <!-- setUp -->
        <test-method signature="verifyReelsPageLabel()[pri:1, instance:com.fb.qa.testcases.ReelsPageTest@2bdd8394]" started-at="2022-09-24T15:34:02 IST" name="verifyReelsPageLabel" finished-at="2022-09-24T15:34:02 IST" duration-ms="230" status="PASS">
          <reporter-output>
          </reporter-output>
        </test-method> <!-- verifyReelsPageLabel -->
        <test-method is-config="true" signature="tearDown()[pri:0, instance:com.fb.qa.testcases.ReelsPageTest@2bdd8394]" started-at="2022-09-24T15:34:02 IST" name="tearDown" finished-at="2022-09-24T15:34:03 IST" duration-ms="384" status="PASS">
          <reporter-output>
          </reporter-output>
        </test-method> <!-- tearDown -->
        <test-method is-config="true" signature="setUp()[pri:0, instance:com.fb.qa.testcases.ReelsPageTest@2bdd8394]" started-at="2022-09-24T15:34:03 IST" name="setUp" finished-at="2022-09-24T15:34:12 IST" duration-ms="8771" status="PASS">
          <reporter-output>
          </reporter-output>
        </test-method> <!-- setUp -->
        <test-method signature="selectReelsTest()[pri:2, instance:com.fb.qa.testcases.ReelsPageTest@2bdd8394]" started-at="2022-09-24T15:34:12 IST" name="selectReelsTest" finished-at="2022-09-24T15:34:12 IST" duration-ms="351" status="PASS">
          <reporter-output>
          </reporter-output>
        </test-method> <!-- selectReelsTest -->
        <test-method is-config="true" signature="tearDown()[pri:0, instance:com.fb.qa.testcases.ReelsPageTest@2bdd8394]" started-at="2022-09-24T15:34:12 IST" name="tearDown" finished-at="2022-09-24T15:34:12 IST" duration-ms="368" status="PASS">
          <reporter-output>
          </reporter-output>
        </test-method> <!-- tearDown -->
        <test-method is-config="true" signature="setUp()[pri:0, instance:com.fb.qa.testcases.ReelsPageTest@2bdd8394]" started-at="2022-09-24T15:34:12 IST" name="setUp" finished-at="2022-09-24T15:34:20 IST" duration-ms="7995" status="PASS">
          <reporter-output>
          </reporter-output>
        </test-method> <!-- setUp -->
        <test-method signature="verifyUserNameTest()[pri:3, instance:com.fb.qa.testcases.ReelsPageTest@2bdd8394]" started-at="2022-09-24T15:34:20 IST" name="verifyUserNameTest" finished-at="2022-09-24T15:34:21 IST" duration-ms="157" status="PASS">
          <reporter-output>
          </reporter-output>
        </test-method> <!-- verifyUserNameTest -->
        <test-method is-config="true" signature="tearDown()[pri:0, instance:com.fb.qa.testcases.ReelsPageTest@2bdd8394]" started-at="2022-09-24T15:34:21 IST" name="tearDown" finished-at="2022-09-24T15:34:21 IST" duration-ms="361" status="PASS">
          <reporter-output>
          </reporter-output>
        </test-method> <!-- tearDown -->
      </class> <!-- com.fb.qa.testcases.ReelsPageTest -->
    </test> <!-- Test -->
  </suite> <!-- Suite -->
</testng-results>
